<?xml version="1.0" encoding="UTF-8"?>
<!-- Generated by org.testng.reporters.JUnitReportReporter -->
<testsuite hostname="MyMacs-MBP-2.fios-router.home" name="com.qa.hotels.tests.ThreeStarHotelsTest" tests="2" failures="0" timestamp="28 Jul 2020 02:15:12 GMT" time="7.978" errors="0">
  <testcase name="showHiltonAvailablein3StarVerify" time="0.569" classname="com.qa.hotels.tests.ThreeStarHotelsTest"/>
  <testcase name="verifyThreeStarHotelsTitleTest" time="7.409" classname="com.qa.hotels.tests.ThreeStarHotelsTest"/>
</testsuite> <!-- com.qa.hotels.tests.ThreeStarHotelsTest -->
