<?xml version="1.0" encoding="UTF-8"?>
<!-- Generated by org.testng.reporters.JUnitReportReporter -->
<testsuite hostname="MyMacs-MBP-2.fios-router.home" name="com.qa.hotels.tests.FourStarHotelsTest" tests="1" failures="0" timestamp="30 Jul 2020 01:51:56 GMT" time="188.693" errors="0">
  <testcase name="fourStarCitycenterverify" time="188.693" classname="com.qa.hotels.tests.FourStarHotelsTest"/>
</testsuite> <!-- com.qa.hotels.tests.FourStarHotelsTest -->
