<?xml version="1.0" encoding="UTF-8"?>
<!-- Generated by org.testng.reporters.JUnitReportReporter -->
<testsuite hostname="MyMacs-MBP-2.fios-router.home" name="com.qa.hotels.tests.HomePageTest" tests="2" failures="0" timestamp="30 Jul 2020 01:57:29 GMT" time="11.422" errors="0">
  <testcase name="verifyMainPageTitleTest" time="5.228" classname="com.qa.hotels.tests.HomePageTest"/>
  <testcase name="fillFormTest" time="6.194" classname="com.qa.hotels.tests.HomePageTest"/>
</testsuite> <!-- com.qa.hotels.tests.HomePageTest -->
