<?xml version="1.0" encoding="UTF-8"?>
<!-- Generated by org.testng.reporters.JUnitReportReporter -->
<testsuite hostname="MyMacs-MBP-2.fios-router.home" name="com.qa.hotels.tests.FiveStarHotelsTest" tests="1" failures="0" timestamp="28 Jul 2020 02:50:48 GMT" time="186.571" errors="0">
  <testcase name="fiveStarCitycenterVerify" time="186.571" classname="com.qa.hotels.tests.FiveStarHotelsTest"/>
</testsuite> <!-- com.qa.hotels.tests.FiveStarHotelsTest -->
